[2025-10-26 15:10:08] System initialized successfully.
[2025-10-26 15:10:08] User 'Chris' completed Workbook 2 successfully!
[2025-10-26 15:10:08] ERROR: Database connection timed out. Retrying in 5s.
[2025-10-26 15:13:21] System initialized successfully.
[2025-10-26 15:13:21] User 'Chris' completed Workbook 2 successfully!
[2025-10-26 15:13:21] ERROR: Database connection timed out. Retrying in 5s.
[2025-10-26 15:16:13] System initialized successfully.
[2025-10-26 15:16:13] User 'Chris' completed Workbook 2 successfully!
[2025-10-26 15:16:13] ERROR: Database connection timed out. Retrying in 5s.
[2025-10-26 15:21:16] System initialized successfully.
[2025-10-26 15:21:16] User 'Chris' completed Workbook 2 successfully!
[2025-10-26 15:21:16] ERROR: Database connection timed out. Retrying in 5s.
[2025-10-26 15:25:05] System initialized successfully.
[2025-10-26 15:25:05] User 'Chris' completed Workbook 2 successfully!
[2025-10-26 15:25:05] ERROR: Database connection timed out. Retrying in 5s.
[2025-10-26 15:25:05] CRITICAL: All core services have failed. Shutting down immediately.
[2025-10-26 15:30:42] System initialized successfully.
[2025-10-26 15:30:42] User 'Chris' completed Workbook 2 successfully!
[2025-10-26 15:30:42] DEBUG: Function 'calculate_metrics' started.
[2025-10-26 15:30:42] ERROR: Database connection timed out. Retrying in 5s.
[2025-10-26 15:30:42] CRITICAL: All core services have failed. Shutting down immediately.
[2025-10-26 15:30:42] DEBUG: Metrics calculated and validated successfully.
[2025-10-26 15:32:00] System initialized successfully.
[2025-10-26 15:32:00] User 'Chris' completed Workbook 2 successfully!
[2025-10-26 15:32:00] DEBUG: Function 'calculate_metrics' started.
[2025-10-26 15:32:00] ERROR: Database connection timed out. Retrying in 5s.
[2025-10-26 15:32:00] CRITICAL: All core services have failed. Shutting down immediately.
[2025-10-26 15:32:00] DEBUG: Metrics calculated and validated successfully.
[2025-10-28 19:26:12] System initialized successfully.
[2025-10-28 19:26:12] User 'Chris' completed Workbook 2 successfully!
[2025-10-28 19:26:12] DEBUG: Function 'calculate_metrics' started.
[2025-10-28 19:26:12] ERROR: Database connection timed out. Retrying in 5s.
[2025-10-28 19:26:12] CRITICAL: All core services have failed. Shutting down immediately.
[2025-10-28 19:26:12] DEBUG: Metrics calculated and validated successfully.
